<?xml version="1.0" standalone="no"?>
<!-- State output file for the 911 systems modeling-->
<SimState>
   <Matrix name="xloc" type="complete" rows="1" columns="100" multiplier="1.0">
   0 1 2 3 4 5 6 7 8 9 0 1 2 3 4 5 6 7 8 9 0 1 2 3 4 5 6 7 8 9 0 1 2 3 4 5 6 7 8 9 0 1 2 3 4 5 6 7 8 9 0 1 2 3 4 5 6 7 8 9 0 1 2 3 4 5 6 7 8 9 0 1 2 3 4 5 6 7 8 9 0 1 2 3 4 5 6 7 8 9 0 1 2 3 4 5 6 7 8 9 
</Matrix>
   <Matrix name="yloc" type="complete" rows="1" columns="100" multiplier="1.0">
   0 0 0 0 0 0 0 0 0 0 1 1 1 1 1 1 1 1 1 1 2 2 2 2 2 2 2 2 2 2 3 3 3 3 3 3 3 3 3 3 4 4 4 4 4 4 4 4 4 4 5 5 5 5 5 5 5 5 5 5 6 6 6 6 6 6 6 6 6 6 7 7 7 7 7 7 7 7 7 7 8 8 8 8 8 8 8 8 8 8 9 9 9 9 9 9 9 9 9 9 
</Matrix>
   <Matrix name="vertexTypesPreEvent" type="complete" rows="1" columns="100" multiplier="1.0">
   3 5 3 3 3 3 5 3 3 3 3 3 3 3 3 3 3 3 3 3 3 3 4 3 5 3 3 4 3 3 3 3 3 3 3 3 3 3 3 3 3 3 5 3 3 3 3 3 5 3 3 3 3 3 3 3 3 3 3 3 3 3 3 3 3 5 3 3 3 5 3 3 4 3 3 3 3 4 3 3 5 3 3 3 3 3 3 3 3 3 3 3 3 5 3 3 3 3 3 3 
</Matrix>
   <Matrix name="vertexTypesPostEvent" type="complete" rows="1" columns="100" multiplier="1.0">
   3 0 3 3 3 3 5 3 3 3 3 3 3 3 3 3 3 3 3 3 3 3 0 3 5 3 3 4 3 3 3 3 3 3 3 3 3 3 3 3 3 3 5 3 3 3 3 3 5 3 3 3 3 3 3 3 3 3 3 3 3 3 3 3 3 5 3 3 3 0 3 3 4 3 3 3 3 4 3 3 5 3 3 3 3 3 3 3 3 3 3 3 3 5 3 3 3 3 3 3 
</Matrix>
   <Matrix name="verticesDeleted" type="complete" rows="1" columns="3" multiplier="1.0">
   1 22 69 
</Matrix>
   <Matrix name="edgesDeleted" type="complete" rows="206" columns="3" multiplier="1.0">
   22 1 5
   0 22 4
   2 22 4
   3 22 4
   4 22 4
   10 22 4
   11 22 4
   12 22 4
   13 22 4
   14 22 4
   20 22 4
   21 22 4
   23 22 4
   27 22 7
   30 22 4
   31 22 4
   32 22 4
   33 22 4
   34 22 4
   40 22 4
   41 22 4
   43 22 4
   44 22 4
   72 22 7
   77 22 7
   22 24 5
   22 27 7
   22 42 5
   22 72 7
   22 77 7
   1 0 6
   27 1 5
   1 2 6
   1 3 6
   1 4 6
   1 5 6
   1 7 6
   1 8 6
   1 9 6
   1 10 6
   1 11 6
   1 12 6
   1 13 6
   1 14 6
   1 15 6
   1 16 6
   1 17 6
   1 18 6
   1 19 6
   1 20 6
   1 21 6
   1 23 6
   1 25 6
   1 26 6
   1 28 6
   1 29 6
   1 30 6
   1 31 6
   1 32 6
   1 33 6
   1 34 6
   1 35 6
   1 36 6
   1 37 6
   1 38 6
   1 39 6
   1 40 6
   1 41 6
   1 43 6
   1 44 6
   1 45 6
   1 46 6
   1 47 6
   1 49 6
   1 50 6
   1 51 6
   1 52 6
   1 53 6
   1 54 6
   1 55 6
   1 56 6
   1 57 6
   1 58 6
   1 59 6
   1 60 6
   1 61 6
   1 62 6
   1 63 6
   1 64 6
   1 66 6
   1 67 6
   1 68 6
   1 70 6
   1 71 6
   1 73 6
   1 74 6
   1 75 6
   1 76 6
   1 78 6
   1 79 6
   1 81 6
   1 82 6
   1 83 6
   1 84 6
   1 85 6
   1 86 6
   1 87 6
   1 88 6
   1 89 6
   1 90 6
   1 91 6
   1 92 6
   1 94 6
   1 95 6
   1 96 6
   1 97 6
   1 98 6
   1 99 6
   69 0 6
   69 2 6
   69 3 6
   69 4 6
   69 5 6
   69 7 6
   69 8 6
   69 9 6
   69 10 6
   69 11 6
   69 12 6
   69 13 6
   69 14 6
   69 15 6
   69 16 6
   69 17 6
   69 18 6
   69 19 6
   69 20 6
   69 21 6
   69 23 6
   69 25 6
   69 26 6
   69 28 6
   69 29 6
   69 30 6
   69 31 6
   69 32 6
   69 33 6
   69 34 6
   69 35 6
   69 36 6
   69 37 6
   69 38 6
   69 39 6
   69 40 6
   69 41 6
   69 43 6
   69 44 6
   69 45 6
   69 46 6
   69 47 6
   69 49 6
   69 50 6
   69 51 6
   69 52 6
   69 53 6
   69 54 6
   69 55 6
   69 56 6
   69 57 6
   69 58 6
   69 59 6
   69 60 6
   69 61 6
   69 62 6
   69 63 6
   69 64 6
   69 66 6
   69 67 6
   69 68 6
   77 69 5
   69 70 6
   69 71 6
   69 73 6
   69 74 6
   69 75 6
   69 76 6
   69 78 6
   69 79 6
   69 81 6
   69 82 6
   69 83 6
   69 84 6
   69 85 6
   69 86 6
   69 87 6
   69 88 6
   69 89 6
   69 90 6
   69 91 6
   69 92 6
   69 94 6
   69 95 6
   69 96 6
   69 97 6
   69 98 6
   69 99 6
</Matrix>
   <Matrix name="edgesAdded" type="complete" rows="24" columns="3" multiplier="1.0">
   0 27 4
   2 27 4
   3 27 4
   4 27 4
   10 72 4
   11 27 4
   12 27 4
   13 27 4
   14 27 4
   20 72 4
   21 72 4
   23 27 4
   30 72 4
   31 72 4
   32 72 4
   33 27 4
   34 27 4
   40 72 4
   41 72 4
   43 72 4
   44 27 4
   27 1 5
   27 24 5
   72 42 5
</Matrix>
   <Matrix name="Tsim" type="complete" rows="1" columns="1" multiplier="1.0">
   100
</Matrix>
   <Matrix name="simulationEndTime" type="complete" rows="1" columns="1" multiplier="1.0">
   200
</Matrix>
</SimState>
