<?xml version="1.0" standalone="no"?>
<!-- State output file for the 911 systems modeling-->
<SimState>
   <Matrix name="xloc" type="complete" rows="1" columns="100" multiplier="1.0">
   0 1 2 3 4 5 6 7 8 9 0 1 2 3 4 5 6 7 8 9 0 1 2 3 4 5 6 7 8 9 0 1 2 3 4 5 6 7 8 9 0 1 2 3 4 5 6 7 8 9 0 1 2 3 4 5 6 7 8 9 0 1 2 3 4 5 6 7 8 9 0 1 2 3 4 5 6 7 8 9 0 1 2 3 4 5 6 7 8 9 0 1 2 3 4 5 6 7 8 9 
</Matrix>
   <Matrix name="yloc" type="complete" rows="1" columns="100" multiplier="1.0">
   0 0 0 0 0 0 0 0 0 0 1 1 1 1 1 1 1 1 1 1 2 2 2 2 2 2 2 2 2 2 3 3 3 3 3 3 3 3 3 3 4 4 4 4 4 4 4 4 4 4 5 5 5 5 5 5 5 5 5 5 6 6 6 6 6 6 6 6 6 6 7 7 7 7 7 7 7 7 7 7 8 8 8 8 8 8 8 8 8 8 9 9 9 9 9 9 9 9 9 9 
</Matrix>
   <Matrix name="vertexTypesPreEvent" type="complete" rows="1" columns="100" multiplier="1.0">
   3 5 3 3 3 3 5 3 3 3 3 3 3 3 3 3 3 3 3 3 3 3 4 3 5 3 3 4 3 3 3 3 3 3 3 3 3 3 3 3 3 3 5 3 3 3 3 3 5 3 3 3 3 3 3 3 3 3 3 3 3 3 3 3 3 5 3 3 3 5 3 3 4 3 3 3 3 4 3 3 5 3 3 3 3 3 3 3 3 3 3 3 3 5 3 3 3 3 3 3 
</Matrix>
   <Matrix name="vertexTypesPostEvent" type="complete" rows="1" columns="100" multiplier="1.0">
   3 5 3 3 3 3 5 3 3 3 3 3 3 3 3 3 3 3 3 3 3 3 4 3 5 3 3 4 3 3 3 3 3 3 3 3 3 3 3 3 3 3 5 3 3 3 3 3 5 3 3 3 3 3 3 3 3 3 3 3 3 3 3 3 3 5 3 3 3 5 3 3 4 3 3 3 3 4 3 3 5 3 3 3 3 3 3 3 3 3 3 3 3 5 3 3 3 3 3 3 
</Matrix>
   <Matrix name="verticesDeleted" type="complete" rows="1" columns="0" multiplier="1.0">
   
</Matrix>
   <Matrix name="edgesDeleted" type="complete" rows="0" columns="3" multiplier="1.0">
</Matrix>
   <Matrix name="edgesAdded" type="complete" rows="0" columns="3" multiplier="1.0">
</Matrix>
   <Matrix name="Tsim" type="complete" rows="1" columns="1" multiplier="1.0">
   100
</Matrix>
   <Matrix name="simulationEndTime" type="complete" rows="1" columns="1" multiplier="1.0">
   200
</Matrix>
</SimState>
